Start testing: Mar 02 17:24 CST
----------------------------------------------------------
1/1 Testing: TestMerge
1/1 Test: TestMerge
Command: "/Users/jacaranda-mimosifolia/JacarandaMimosifolia/LeetCode/merge_88/cpp-test/build/test_merge"
Directory: /Users/jacaranda-mimosifolia/JacarandaMimosifolia/LeetCode/merge_88/cpp-test/build
"TestMerge" start time: Mar 02 17:24 CST
Output:
----------------------------------------------------------
Running main() from /Users/jacaranda-mimosifolia/JacarandaMimosifolia/LeetCode/merge_88/cpp-test/tests/test.cpp
[==========] Running 3 tests from 1 test suite.
[----------] Global test environment set-up.
[----------] 3 tests from TestMerge
[ RUN      ] TestMerge.CheckTest1
[       OK ] TestMerge.CheckTest1 (0 ms)
[ RUN      ] TestMerge.CheckTest2
[       OK ] TestMerge.CheckTest2 (0 ms)
[ RUN      ] TestMerge.CheckTest3
[       OK ] TestMerge.CheckTest3 (0 ms)
[----------] 3 tests from TestMerge (0 ms total)

[----------] Global test environment tear-down
[==========] 3 tests from 1 test suite ran. (0 ms total)
[  PASSED  ] 3 tests.
<end of output>
Test time =   1.17 sec
----------------------------------------------------------
Test Passed.
"TestMerge" end time: Mar 02 17:24 CST
"TestMerge" time elapsed: 00:00:01
----------------------------------------------------------

End testing: Mar 02 17:24 CST
