Start testing: Feb 21 07:33 UTC
----------------------------------------------------------
1/1 Testing: TestMerge
1/1 Test: TestMerge
Command: "/workspace/JacarandaMimosifolia/LeetCode/merge_88/cpp-test/build/test_merge"
Directory: /workspace/JacarandaMimosifolia/LeetCode/merge_88/cpp-test/build
"TestMerge" start time: Feb 21 07:33 UTC
Output:
----------------------------------------------------------
Running main() from /workspace/JacarandaMimosifolia/LeetCode/merge_88/cpp-test/tests/test.cpp
[==========] Running 3 tests from 1 test suite.
[----------] Global test environment set-up.
[----------] 3 tests from TestMerge
[ RUN      ] TestMerge.CheckTest1
[       OK ] TestMerge.CheckTest1 (0 ms)
[ RUN      ] TestMerge.CheckTest2
[       OK ] TestMerge.CheckTest2 (0 ms)
[ RUN      ] TestMerge.CheckTest3
[       OK ] TestMerge.CheckTest3 (0 ms)
[----------] 3 tests from TestMerge (0 ms total)

[----------] Global test environment tear-down
[==========] 3 tests from 1 test suite ran. (0 ms total)
[  PASSED  ] 3 tests.
<end of output>
Test time =   0.00 sec
----------------------------------------------------------
Test Passed.
"TestMerge" end time: Feb 21 07:33 UTC
"TestMerge" time elapsed: 00:00:00
----------------------------------------------------------

End testing: Feb 21 07:33 UTC
